<?xml version="1.0" encoding="UTF-8"?>
<!-- Generated by org.testng.reporters.JUnitReportReporter -->
<testsuite hostname="TYSS-Tanuja-N-Sonawale" failures="0" tests="1" name="testCases.TC01_CreateOrganization" time="7.260" errors="0" timestamp="2024-07-29T14:59:35 IST" skipped="0">
  <testcase classname="testCases.TC01_CreateOrganization" name="creatingOrg" time="7.260"/>
  <system-out/>
</testsuite> <!-- testCases.TC01_CreateOrganization -->
